2023-10-02 21:58:40,840 [INFO] Activator:176 - 


2023-10-02 21:58:40,841 [INFO] Activator:177 - !SESSION log4j initialized
2023-10-02 21:58:44,842 [INFO] LogOutputStream:77 - [STDOUT_REDIRECT] 
2023-10-02 21:58:46,905 [INFO] ApplicationProperties:184 - Using Application install path: C:\ST\STM32CubeIDE_1.13.2\STM32CubeIDE\plugins\com.st.stm32cube.common.mx_6.9.2.202309101412
2023-10-02 21:58:46,918 [INFO] DbMcusXml:78 - Set database path to: C:\ST\STM32CubeIDE_1.13.2\STM32CubeIDE\plugins\com.st.stm32cube.common.mx_6.9.2.202309101412\\db\/mcu/
2023-10-02 21:58:46,919 [INFO] ApiDb:274 - Set plugin database path to: C:\ST\STM32CubeIDE_1.13.2\STM32CubeIDE\plugins\com.st.stm32cube.common.mx_6.9.2.202309101412\\db\/plugins/boardmanager/
2023-10-02 21:58:46,919 [WARN] ApiDb:259 - Overriding images path with different value:  => C:\ST\STM32CubeIDE_1.13.2\STM32CubeIDE\plugins\com.st.stm32cube.common.mx_6.9.2.202309101412\\db\/plugins/mcufinder/images/
2023-10-02 21:58:47,892 [WARN] ApiFinderProperties:113 - C:\Users\12151\.stmcufinder\plugins\mcufinder\mcu\mcuFinder.mfd doesn't exist
2023-10-02 21:58:47,893 [INFO] ApiDb:250 - Set database path to: C:\Users\12151\.stmcufinder\plugins\mcufinder//mcu/
2023-10-02 21:58:47,894 [INFO] DbMcusAds:125 - Set database path to: C:\Users\12151\.stmcufinder\plugins\mcufinder//mcu/
2023-10-02 21:58:47,895 [INFO] CrossReferenceDbSqlite:203 - Set database path to: C:\Users\12151\.stmcufinder\plugins\mcufinder//mcu/cs/
2023-10-02 21:58:47,973 [INFO] RulesReader:64 - Compatibility file has been processed (293 Rules)
2023-10-02 21:58:48,044 [INFO] DbMcusXml:78 - Set database path to: C:\ST\STM32CubeIDE_1.13.2\STM32CubeIDE\plugins\com.st.stm32cube.common.mx_6.9.2.202309101412\\db\/mcu/
2023-10-02 21:58:48,044 [INFO] ApiDb:274 - Set plugin database path to: C:\ST\STM32CubeIDE_1.13.2\STM32CubeIDE\plugins\com.st.stm32cube.common.mx_6.9.2.202309101412\\db\/plugins/boardmanager/
2023-10-02 21:58:48,045 [INFO] ApiDb:261 - Set plugin images path to: C:\ST\STM32CubeIDE_1.13.2\STM32CubeIDE\plugins\com.st.stm32cube.common.mx_6.9.2.202309101412\\db\/plugins/mcufinder/images/
2023-10-02 21:58:48,045 [WARN] DbFile:41 - Overriding database path with different value: C:\Users\12151\.stmcufinder\plugins\mcufinder/ => C:\Users\12151\.stmcufinder\plugins\mcufinder
2023-10-02 21:58:48,045 [INFO] ApiDb:250 - Set database path to: C:\Users\12151\.stmcufinder\plugins\mcufinder//mcu/
2023-10-02 21:58:48,045 [WARN] DbFile:41 - Overriding database path with different value: C:\Users\12151\.stmcufinder\plugins\mcufinder/ => C:\Users\12151\.stmcufinder\plugins\mcufinder
2023-10-02 21:58:48,045 [INFO] DbMcusAds:125 - Set database path to: C:\Users\12151\.stmcufinder\plugins\mcufinder//mcu/
2023-10-02 21:58:48,045 [WARN] DbFile:41 - Overriding database path with different value: C:\Users\12151\.stmcufinder\plugins\mcufinder/ => C:\Users\12151\.stmcufinder\plugins\mcufinder
2023-10-02 21:58:48,045 [WARN] DbFile:41 - Overriding database path with different value: C:\Users\12151\.stmcufinder\plugins\mcufinder/ => C:\Users\12151\.stmcufinder\plugins\mcufinder
2023-10-02 21:58:48,045 [INFO] CrossReferenceDbSqlite:203 - Set database path to: C:\Users\12151\.stmcufinder\plugins\mcufinder//mcu/cs/
2023-10-02 21:58:48,100 [INFO] MainPanel:262 - HeapMemory: 268435456
2023-10-02 21:58:48,145 [INFO] DbMcusXml:78 - Set database path to: C:\ST\STM32CubeIDE_1.13.2\STM32CubeIDE\plugins\com.st.stm32cube.common.mx_6.9.2.202309101412\\db\/mcu/
2023-10-02 21:58:48,145 [INFO] ApiDb:274 - Set plugin database path to: C:\ST\STM32CubeIDE_1.13.2\STM32CubeIDE\plugins\com.st.stm32cube.common.mx_6.9.2.202309101412\\db\/plugins/boardmanager/
2023-10-02 21:58:48,145 [INFO] ApiDb:261 - Set plugin images path to: C:\ST\STM32CubeIDE_1.13.2\STM32CubeIDE\plugins\com.st.stm32cube.common.mx_6.9.2.202309101412\\db\/plugins/mcufinder/images/
2023-10-02 21:58:48,145 [WARN] DbFile:41 - Overriding database path with different value: C:\Users\12151\.stmcufinder\plugins\mcufinder/ => C:\Users\12151\.stmcufinder\plugins\mcufinder
2023-10-02 21:58:48,145 [INFO] ApiDb:250 - Set database path to: C:\Users\12151\.stmcufinder\plugins\mcufinder//mcu/
2023-10-02 21:58:48,145 [WARN] DbFile:41 - Overriding database path with different value: C:\Users\12151\.stmcufinder\plugins\mcufinder/ => C:\Users\12151\.stmcufinder\plugins\mcufinder
2023-10-02 21:58:48,145 [INFO] DbMcusAds:125 - Set database path to: C:\Users\12151\.stmcufinder\plugins\mcufinder//mcu/
2023-10-02 21:58:48,145 [WARN] DbFile:41 - Overriding database path with different value: C:\Users\12151\.stmcufinder\plugins\mcufinder/ => C:\Users\12151\.stmcufinder\plugins\mcufinder
2023-10-02 21:58:48,146 [WARN] DbFile:41 - Overriding database path with different value: C:\Users\12151\.stmcufinder\plugins\mcufinder/ => C:\Users\12151\.stmcufinder\plugins\mcufinder
2023-10-02 21:58:48,146 [INFO] CrossReferenceDbSqlite:203 - Set database path to: C:\Users\12151\.stmcufinder\plugins\mcufinder//mcu/cs/
2023-10-02 21:58:48,159 [INFO] ApplicationProperties:184 - Using Application install path: C:\ST\STM32CubeIDE_1.13.2\STM32CubeIDE\plugins\com.st.stm32cube.common.mx_6.9.2.202309101412
2023-10-02 21:58:48,160 [INFO] PluginManage:196 - Search for loadable plugins [exclusion list=, ]
2023-10-02 21:58:48,161 [INFO] PluginManage:310 - Check plugin analytics
2023-10-02 21:58:48,274 [INFO] AnalyticsPlugin:253 - Accepted Software Licenses: 
2023-10-02 21:58:48,274 [INFO] AnalyticsPlugin:255 - Accepted CMSIS Pack Licenses: 
2023-10-02 21:58:48,274 [INFO] AnalyticsPlugin:257 - Accepted Firmware Licenses: 
2023-10-02 21:58:48,276 [INFO] PluginManage:359 - Loaded plugin analytics (category:tool,tabindex:-1)
2023-10-02 21:58:48,276 [INFO] PluginManage:310 - Check plugin cadmodel
2023-10-02 21:58:48,280 [INFO] CADModel:105 - Init CAD model plugin
2023-10-02 21:58:48,280 [INFO] PluginManage:359 - Loaded plugin cadmodel (category:power,tabindex:5)
2023-10-02 21:58:48,280 [INFO] PluginManage:310 - Check plugin clock
2023-10-02 21:58:48,287 [INFO] PluginManage:359 - Loaded plugin clock (category:base,tabindex:2)
2023-10-02 21:58:48,287 [INFO] PluginManage:310 - Check plugin ddr
2023-10-02 21:58:48,289 [INFO] PluginManage:359 - Loaded plugin ddr (category:tool,tabindex:6)
2023-10-02 21:58:48,289 [INFO] PluginManage:310 - Check plugin filemanager
2023-10-02 21:58:48,393 [INFO] PluginManage:359 - Loaded plugin filemanager (category:base,tabindex:10)
2023-10-02 21:58:48,393 [INFO] PluginManage:310 - Check plugin ipmanager
2023-10-02 21:58:48,400 [INFO] PluginManage:359 - Loaded plugin ipmanager (category:base,tabindex:5)
2023-10-02 21:58:48,400 [INFO] PluginManage:310 - Check plugin lpbam
2023-10-02 21:58:48,406 [INFO] PluginManage:359 - Loaded plugin lpbam (category:base,tabindex:0)
2023-10-02 21:58:48,406 [INFO] PluginManage:310 - Check plugin memorymap
2023-10-02 21:58:48,414 [INFO] PluginManage:359 - Loaded plugin memorymap (category:base,tabindex:4)
2023-10-02 21:58:48,414 [INFO] PluginManage:310 - Check plugin pinoutandconfiguration
2023-10-02 21:58:48,419 [INFO] PluginManage:359 - Loaded plugin pinoutandconfiguration (category:base,tabindex:1)
2023-10-02 21:58:48,419 [INFO] PluginManage:310 - Check plugin pinoutconfig
2023-10-02 21:58:48,488 [WARN] SupportedApi:132 - Cannot load RTOS API schema: s4s-elt-must-match.1: The content of 'definitions' must match (annotation?, (simpleType | complexType)?, (unique | key | keyref)*)). A problem was found starting at: attribute.
2023-10-02 21:58:48,614 [INFO] PluginManage:359 - Loaded plugin pinoutconfig (category:base,tabindex:0)
2023-10-02 21:58:48,614 [INFO] PluginManage:310 - Check plugin power
2023-10-02 21:58:48,622 [INFO] PluginManage:359 - Loaded plugin power (category:power,tabindex:4)
2023-10-02 21:58:48,622 [INFO] PluginManage:310 - Check plugin projectmanager
2023-10-02 21:58:48,635 [INFO] PluginManage:359 - Loaded plugin projectmanager (category:projectmanager,tabindex:3)
2023-10-02 21:58:48,636 [INFO] PluginManage:310 - Check plugin thirdparty
2023-10-02 21:58:48,750 [INFO] PluginManage:359 - Loaded plugin thirdparty (category:base,tabindex:-1)
2023-10-02 21:58:48,750 [INFO] PluginManage:310 - Check plugin tools
2023-10-02 21:58:48,750 [WARN] IntegrityCheckThread:84 - waiting for thirdparty lock release [integrity check]
2023-10-02 21:58:48,750 [INFO] IntegrityCheckThread:86 - entering critical section [integrity check]
2023-10-02 21:58:48,751 [INFO] ThirdPartyUpdaterWithRetryManager:70 - Updater plugin not ready yet. [1/15]
2023-10-02 21:58:48,752 [INFO] PluginManage:359 - Loaded plugin tools (category:base,tabindex:7)
2023-10-02 21:58:48,752 [INFO] PluginManage:310 - Check plugin tutovideos
2023-10-02 21:58:48,876 [INFO] PluginManage:359 - Loaded plugin tutovideos (category:base,tabindex:-1)
2023-10-02 21:58:48,876 [INFO] PluginManage:310 - Check plugin updater
2023-10-02 21:58:48,884 [INFO] PluginManage:359 - Loaded plugin updater (category:base,tabindex:12)
2023-10-02 21:58:48,884 [INFO] PluginManage:310 - Check plugin userauth
2023-10-02 21:58:48,887 [INFO] UserAuth:113 - Init User Auth plugin
2023-10-02 21:58:48,887 [INFO] PluginManage:359 - Loaded plugin userauth (category:base,tabindex:14)
2023-10-02 21:58:48,887 [INFO] PluginManage:283 - PluginManage : Loaded plugins [17]
2023-10-02 21:58:49,041 [INFO] PinOutPanel:1499 - setPackage(No Configuration,No Configuration)
2023-10-02 21:58:49,123 [INFO] CADModel:165 - CPN selected for project level
2023-10-02 21:58:49,124 [INFO] CADModel:114 - Register for checkConnection events
2023-10-02 21:58:49,135 [INFO] IPUIPlugin:80 - create IPUIPlugin
2023-10-02 21:58:49,135 [INFO] PluginManager:220 - loadIPPluginJar : add adc
2023-10-02 21:58:49,137 [INFO] IPUIPlugin:80 - create IPUIPlugin
2023-10-02 21:58:49,137 [INFO] PluginManager:220 - loadIPPluginJar : add aes
2023-10-02 21:58:49,139 [INFO] IPUIPlugin:80 - create IPUIPlugin
2023-10-02 21:58:49,139 [INFO] PluginManager:220 - loadIPPluginJar : add can
2023-10-02 21:58:49,140 [INFO] IPUIPlugin:80 - create IPUIPlugin
2023-10-02 21:58:49,140 [INFO] PluginManager:220 - loadIPPluginJar : add comp
2023-10-02 21:58:49,141 [INFO] IPUIPlugin:80 - create IPUIPlugin
2023-10-02 21:58:49,141 [INFO] PluginManager:220 - loadIPPluginJar : add cryp
2023-10-02 21:58:49,143 [INFO] IPUIPlugin:80 - create IPUIPlugin
2023-10-02 21:58:49,143 [INFO] PluginManager:220 - loadIPPluginJar : add dfsdm
2023-10-02 21:58:49,147 [INFO] IPUIPlugin:80 - create IPUIPlugin
2023-10-02 21:58:49,147 [INFO] PluginManager:220 - loadIPPluginJar : add dma
2023-10-02 21:58:49,149 [INFO] IPUIPlugin:80 - create IPUIPlugin
2023-10-02 21:58:49,149 [INFO] PluginManager:220 - loadIPPluginJar : add dma3
2023-10-02 21:58:49,150 [INFO] IPUIPlugin:80 - create IPUIPlugin
2023-10-02 21:58:49,150 [INFO] PluginManager:220 - loadIPPluginJar : add fatfs
2023-10-02 21:58:49,152 [INFO] IPUIPlugin:80 - create IPUIPlugin
2023-10-02 21:58:49,153 [INFO] PluginManager:220 - loadIPPluginJar : add fmc
2023-10-02 21:58:49,156 [INFO] IPUIPlugin:80 - create IPUIPlugin
2023-10-02 21:58:49,156 [INFO] PluginManager:220 - loadIPPluginJar : add freertos
2023-10-02 21:58:49,157 [INFO] IPUIPlugin:80 - create IPUIPlugin
2023-10-02 21:58:49,157 [INFO] PluginManager:220 - loadIPPluginJar : add genericplugin
2023-10-02 21:58:49,159 [INFO] IPUIPlugin:80 - create IPUIPlugin
2023-10-02 21:58:49,159 [INFO] PluginManager:220 - loadIPPluginJar : add gfxmmu
2023-10-02 21:58:49,162 [INFO] IPUIPlugin:80 - create IPUIPlugin
2023-10-02 21:58:49,162 [INFO] PluginManager:220 - loadIPPluginJar : add gic
2023-10-02 21:58:49,164 [INFO] IPUIPlugin:80 - create IPUIPlugin
2023-10-02 21:58:49,164 [INFO] PluginManager:220 - loadIPPluginJar : add gpio
2023-10-02 21:58:49,166 [INFO] IPUIPlugin:80 - create IPUIPlugin
2023-10-02 21:58:49,166 [INFO] PluginManager:220 - loadIPPluginJar : add gtzc
2023-10-02 21:58:49,167 [INFO] IPUIPlugin:80 - create IPUIPlugin
2023-10-02 21:58:49,167 [INFO] PluginManager:220 - loadIPPluginJar : add hash
2023-10-02 21:58:49,169 [INFO] IPUIPlugin:80 - create IPUIPlugin
2023-10-02 21:58:49,169 [INFO] PluginManager:220 - loadIPPluginJar : add i2c
2023-10-02 21:58:49,171 [INFO] IPUIPlugin:80 - create IPUIPlugin
2023-10-02 21:58:49,171 [INFO] PluginManager:220 - loadIPPluginJar : add i2s
2023-10-02 21:58:49,172 [INFO] IPUIPlugin:80 - create IPUIPlugin
2023-10-02 21:58:49,172 [INFO] PluginManager:220 - loadIPPluginJar : add i3c
2023-10-02 21:58:49,174 [INFO] IPUIPlugin:80 - create IPUIPlugin
2023-10-02 21:58:49,174 [INFO] PluginManager:220 - loadIPPluginJar : add ipddr
2023-10-02 21:58:49,178 [INFO] IPUIPlugin:80 - create IPUIPlugin
2023-10-02 21:58:49,178 [INFO] PluginManager:220 - loadIPPluginJar : add linkedlist
2023-10-02 21:58:49,180 [INFO] IPUIPlugin:80 - create IPUIPlugin
2023-10-02 21:58:49,180 [INFO] PluginManager:220 - loadIPPluginJar : add lorawan
2023-10-02 21:58:49,181 [INFO] IPUIPlugin:80 - create IPUIPlugin
2023-10-02 21:58:49,181 [INFO] PluginManager:220 - loadIPPluginJar : add ltdc
2023-10-02 21:58:49,185 [INFO] IPUIPlugin:80 - create IPUIPlugin
2023-10-02 21:58:49,185 [INFO] PluginManager:220 - loadIPPluginJar : add mdma
2023-10-02 21:58:49,187 [INFO] IPUIPlugin:80 - create IPUIPlugin
2023-10-02 21:58:49,188 [INFO] PluginManager:220 - loadIPPluginJar : add nvic
2023-10-02 21:58:49,189 [INFO] IPUIPlugin:80 - create IPUIPlugin
2023-10-02 21:58:49,189 [INFO] PluginManager:220 - loadIPPluginJar : add opamp
2023-10-02 21:58:49,191 [INFO] IPUIPlugin:80 - create IPUIPlugin
2023-10-02 21:58:49,191 [INFO] PluginManager:220 - loadIPPluginJar : add openamp
2023-10-02 21:58:49,193 [INFO] IPUIPlugin:80 - create IPUIPlugin
2023-10-02 21:58:49,193 [INFO] PluginManager:220 - loadIPPluginJar : add pdm2pcm
2023-10-02 21:58:49,197 [INFO] IPUIPlugin:80 - create IPUIPlugin
2023-10-02 21:58:49,199 [INFO] PluginManager:220 - loadIPPluginJar : add plateformsettings
2023-10-02 21:58:49,200 [INFO] IPUIPlugin:80 - create IPUIPlugin
2023-10-02 21:58:49,200 [INFO] PluginManager:220 - loadIPPluginJar : add quadspi
2023-10-02 21:58:49,202 [INFO] IPUIPlugin:80 - create IPUIPlugin
2023-10-02 21:58:49,202 [INFO] PluginManager:220 - loadIPPluginJar : add resmgrutility
2023-10-02 21:58:49,204 [INFO] IPUIPlugin:80 - create IPUIPlugin
2023-10-02 21:58:49,204 [INFO] PluginManager:220 - loadIPPluginJar : add sai
2023-10-02 21:58:49,206 [INFO] IPUIPlugin:80 - create IPUIPlugin
2023-10-02 21:58:49,206 [INFO] PluginManager:220 - loadIPPluginJar : add spi
2023-10-02 21:58:49,208 [INFO] IPUIPlugin:80 - create IPUIPlugin
2023-10-02 21:58:49,209 [INFO] PluginManager:220 - loadIPPluginJar : add stm32_wpan
2023-10-02 21:58:49,210 [INFO] IPUIPlugin:80 - create IPUIPlugin
2023-10-02 21:58:49,210 [INFO] PluginManager:220 - loadIPPluginJar : add tim
2023-10-02 21:58:49,212 [INFO] IPUIPlugin:80 - create IPUIPlugin
2023-10-02 21:58:49,212 [INFO] PluginManager:220 - loadIPPluginJar : add touchsensing
2023-10-02 21:58:49,213 [INFO] IPUIPlugin:80 - create IPUIPlugin
2023-10-02 21:58:49,214 [INFO] PluginManager:220 - loadIPPluginJar : add tracer_emb
2023-10-02 21:58:49,215 [INFO] IPUIPlugin:80 - create IPUIPlugin
2023-10-02 21:58:49,215 [INFO] PluginManager:220 - loadIPPluginJar : add ts
2023-10-02 21:58:49,216 [INFO] IPUIPlugin:80 - create IPUIPlugin
2023-10-02 21:58:49,216 [INFO] PluginManager:220 - loadIPPluginJar : add tsc
2023-10-02 21:58:49,217 [INFO] IPUIPlugin:80 - create IPUIPlugin
2023-10-02 21:58:49,217 [INFO] PluginManager:220 - loadIPPluginJar : add ucpd
2023-10-02 21:58:49,219 [INFO] IPUIPlugin:80 - create IPUIPlugin
2023-10-02 21:58:49,219 [INFO] PluginManager:220 - loadIPPluginJar : add usart
2023-10-02 21:58:49,221 [INFO] IPUIPlugin:80 - create IPUIPlugin
2023-10-02 21:58:49,221 [INFO] PluginManager:220 - loadIPPluginJar : add usbx
2023-10-02 21:58:49,345 [INFO] CADModel:165 - CPN selected for project level
2023-10-02 21:58:49,345 [INFO] CADModel:114 - Register for checkConnection events
2023-10-02 21:58:49,345 [FATAL] Updater:308 - Updater called before beeing initialized
2023-10-02 21:58:49,345 [ERROR] CADModel:125 - Updater not yet initialized, retry later 
2023-10-02 21:58:49,431 [INFO] CADModel:165 - CPN selected for project level
2023-10-02 21:58:49,432 [INFO] CADModel:114 - Register for checkConnection events
2023-10-02 21:58:49,432 [FATAL] Updater:308 - Updater called before beeing initialized
2023-10-02 21:58:49,432 [ERROR] CADModel:125 - Updater not yet initialized, retry later 
2023-10-02 21:58:49,434 [FATAL] Updater:308 - Updater called before beeing initialized
2023-10-02 21:58:49,511 [FATAL] Updater:308 - Updater called before beeing initialized
2023-10-02 21:58:49,514 [INFO] DbMcusAds:53 - JSON generation date=Thu Sep 30 15:55:09 KST 2021 (1632984909247)
2023-10-02 21:58:49,514 [FATAL] Updater:308 - Updater called before beeing initialized
2023-10-02 21:58:49,541 [WARN] DetailPanel:346 - Failed to get advertising image, set to default
2023-10-02 21:58:49,625 [FATAL] Updater:308 - Updater called before beeing initialized
2023-10-02 21:58:49,626 [FATAL] Updater:308 - Updater called before beeing initialized
2023-10-02 21:58:49,626 [FATAL] Updater:308 - Updater called before beeing initialized
2023-10-02 21:58:49,626 [WARN] DetailPanel:346 - Failed to get advertising image, set to default
2023-10-02 21:58:49,627 [FATAL] Updater:308 - Updater called before beeing initialized
2023-10-02 21:58:49,660 [ERROR] Updater:1120 - MainUpdater not yet initialized. External WinMGr cannot be set.
2023-10-02 21:58:49,662 [INFO] Updater:1056 - Updater Version found : 6.9.2
2023-10-02 21:58:49,674 [INFO] ApplicationProperties:184 - Using Application install path: C:\ST\STM32CubeIDE_1.13.2\STM32CubeIDE\plugins\com.st.stm32cube.common.mx_6.9.2.202309101412
2023-10-02 21:58:49,696 [INFO] MainUpdater:521 - Copy updater definitions from MX database
2023-10-02 21:58:49,721 [INFO] MainUpdater:554 - Copy flag file definitions from MX database
2023-10-02 21:58:49,730 [INFO] MainUpdater:570 - Copy thirdparty index definitions from MX database
2023-10-02 21:58:49,731 [INFO] MainUpdater:589 - Copy default thirdparty db definitions from MX database
2023-10-02 21:58:49,918 [INFO] MainUpdater:2868 - connection check result : 10
2023-10-02 21:58:49,918 [INFO] MainUpdater:3562 - Updater definition file requires update
2023-10-02 21:58:49,919 [INFO] MainUpdater:285 - Updater Check For Update Now.
2023-10-02 21:58:49,919 [INFO] MicroXplorer:498 - Change Database Version : DB.6.0.92
2023-10-02 21:58:49,925 [INFO] McuFinderGlobals:63 - Set McuFinder mode to 2 (CubeIDE integrated)
2023-10-02 21:58:49,925 [INFO] UserAuth:179 - activating auth plugin
2023-10-02 21:58:49,927 [INFO] UserAuth:393 - Internet connection configuration mode: 1
2023-10-02 21:58:49,935 [INFO] JxBrowserEngine:151 - Initiate JxBrowser Engine with user profile folder
2023-10-02 21:58:49,971 [INFO] ServerAccessManage:473 - Download File updaters.zip
2023-10-02 21:58:50,089 [INFO] FileExtend:240 - Unzip File : updaters.zip
2023-10-02 21:58:50,089 [INFO] FileExtend:255 - Standard Zip Deflate
2023-10-02 21:58:50,588 [INFO] ServerAccessManage:473 - Download File PacksControlFlags.xml
2023-10-02 21:58:50,688 [INFO] ServerAccessManage:473 - Download File cubemx.pidx
2023-10-02 21:58:50,908 [INFO] ServerAccessManage:473 - Download File STMicroelectronics.FP-ATR-ASTRA1.pdsc
2023-10-02 21:58:51,293 [INFO] ServerAccessManage:473 - Download File STMicroelectronics.FP-ATR-SIGFOX1.pdsc
2023-10-02 21:58:51,493 [INFO] ServerAccessManage:473 - Download File STMicroelectronics.FP-SNS-FLIGHT1.pdsc
2023-10-02 21:58:51,752 [WARN] MainUpdater:1189 - Updater busy. Cannot search thirdparties
2023-10-02 21:58:51,752 [INFO] ThirdPartyUpdaterWithRetryManager:96 - Updater plugin is busy. [1/15]
2023-10-02 21:58:51,918 [INFO] ServerAccessManage:473 - Download File STMicroelectronics.FP-SNS-MOTENV1.pdsc
2023-10-02 21:58:52,279 [INFO] ServerAccessManage:473 - Download File STMicroelectronics.FP-SNS-SMARTAG2.pdsc
2023-10-02 21:58:52,468 [INFO] ServerAccessManage:473 - Download File STMicroelectronics.X-CUBE-AI.pdsc
2023-10-02 21:58:53,514 [INFO] WebApp:157 - Instantiating new browser for Auth
2023-10-02 21:58:53,965 [INFO] WebApp:753 - Register for checkConnection events
2023-10-02 21:58:53,965 [INFO] WebApp:390 - Apply proxy settings
2023-10-02 21:58:53,965 [INFO] WebApp:475 - Chromium requires no authentication
2023-10-02 21:58:53,970 [INFO] WebApp:418 - Direct internet connection detected
2023-10-02 21:58:54,012 [INFO] ServerAccessManage:473 - Download File STMicroelectronics.X-CUBE-ALS.pdsc
2023-10-02 21:58:54,077 [INFO] WebApp:188 - Starting web application
2023-10-02 21:58:54,077 [INFO] WebApp:520 - Web application path used C:\ST\STM32CubeIDE_1.13.2\STM32CubeIDE\plugins\com.st.stm32cube.common.mx_6.9.2.202309101412\db\plugins\mcufinder\reactClient1\index.html
2023-10-02 21:58:54,332 [INFO] ServerAccessManage:473 - Download File STMicroelectronics.X-CUBE-BLE1.pdsc
2023-10-02 21:58:54,760 [WARN] MainUpdater:1189 - Updater busy. Cannot search thirdparties
2023-10-02 21:58:54,760 [INFO] ThirdPartyUpdaterWithRetryManager:96 - Updater plugin is busy. [2/15]
2023-10-02 21:58:56,410 [ERROR] ServerAccessManage:1089 - Problem, file not found on Server
2023-10-02 21:58:56,498 [INFO] ServerAccessManage:473 - Download File STMicroelectronics.X-CUBE-BLE2.pdsc
2023-10-02 21:58:57,420 [INFO] ServerAccessManage:473 - Download File STMicroelectronics.X-CUBE-BLEMGR.pdsc
2023-10-02 21:58:57,760 [WARN] MainUpdater:1189 - Updater busy. Cannot search thirdparties
2023-10-02 21:58:57,760 [INFO] ThirdPartyUpdaterWithRetryManager:96 - Updater plugin is busy. [3/15]
2023-10-02 21:58:57,962 [INFO] ServerAccessManage:473 - Download File STMicroelectronics.X-CUBE-DISPLAY.pdsc
2023-10-02 21:58:58,634 [INFO] ServerAccessManage:473 - Download File STMicroelectronics.X-CUBE-EEPRMA1.pdsc
2023-10-02 21:58:59,668 [ERROR] ServerAccessManage:1089 - Problem, file not found on Server
2023-10-02 21:59:00,157 [INFO] ServerAccessManage:473 - Download File STMicroelectronics.X-CUBE-FREERTOS.pdsc
2023-10-02 21:59:00,516 [INFO] ServerAccessManage:473 - Download File STMicroelectronics.X-CUBE-GNSS1.pdsc
2023-10-02 21:59:00,761 [WARN] MainUpdater:1189 - Updater busy. Cannot search thirdparties
2023-10-02 21:59:00,761 [INFO] ThirdPartyUpdaterWithRetryManager:96 - Updater plugin is busy. [4/15]
2023-10-02 21:59:02,366 [ERROR] ServerAccessManage:1089 - Problem, file not found on Server
2023-10-02 21:59:03,478 [ERROR] ServerAccessManage:1089 - Problem, file not found on Server
2023-10-02 21:59:03,762 [WARN] MainUpdater:1189 - Updater busy. Cannot search thirdparties
2023-10-02 21:59:03,762 [INFO] ThirdPartyUpdaterWithRetryManager:96 - Updater plugin is busy. [5/15]
2023-10-02 21:59:04,373 [ERROR] ServerAccessManage:1089 - Problem, file not found on Server
2023-10-02 21:59:05,316 [ERROR] ServerAccessManage:1089 - Problem, file not found on Server
2023-10-02 21:59:06,223 [ERROR] ServerAccessManage:1089 - Problem, file not found on Server
2023-10-02 21:59:06,764 [WARN] MainUpdater:1189 - Updater busy. Cannot search thirdparties
2023-10-02 21:59:06,764 [INFO] ThirdPartyUpdaterWithRetryManager:96 - Updater plugin is busy. [6/15]
2023-10-02 21:59:07,337 [ERROR] ServerAccessManage:1089 - Problem, file not found on Server
2023-10-02 21:59:07,429 [INFO] ServerAccessManage:473 - Download File STMicroelectronics.X-CUBE-ISPU.pdsc
2023-10-02 21:59:07,727 [INFO] ServerAccessManage:473 - Download File STMicroelectronics.X-CUBE-MEMS1.pdsc
2023-10-02 21:59:09,765 [WARN] MainUpdater:1189 - Updater busy. Cannot search thirdparties
2023-10-02 21:59:09,765 [INFO] ThirdPartyUpdaterWithRetryManager:96 - Updater plugin is busy. [7/15]
2023-10-02 21:59:09,874 [INFO] ServerAccessManage:473 - Download File STMicroelectronics.X-CUBE-NFC4.pdsc
2023-10-02 21:59:11,040 [INFO] ServerAccessManage:473 - Download File STMicroelectronics.X-CUBE-NFC6.pdsc
2023-10-02 21:59:11,362 [INFO] ServerAccessManage:473 - Download File STMicroelectronics.X-CUBE-NFC7.pdsc
2023-10-02 21:59:11,612 [INFO] ServerAccessManage:473 - Download File STMicroelectronics.X-CUBE-SFXS2LP1.pdsc
2023-10-02 21:59:12,020 [INFO] ServerAccessManage:473 - Download File STMicroelectronics.X-CUBE-SUBG2.pdsc
2023-10-02 21:59:12,765 [WARN] MainUpdater:1189 - Updater busy. Cannot search thirdparties
2023-10-02 21:59:12,765 [INFO] ThirdPartyUpdaterWithRetryManager:96 - Updater plugin is busy. [8/15]
2023-10-02 21:59:12,827 [INFO] ServerAccessManage:473 - Download File STMicroelectronics.X-CUBE-SMBUS.pdsc
2023-10-02 21:59:14,012 [ERROR] ServerAccessManage:1089 - Problem, file not found on Server
2023-10-02 21:59:14,126 [INFO] ServerAccessManage:473 - Download File STMicroelectronics.X-CUBE-TOF1.pdsc
2023-10-02 21:59:14,664 [ERROR] LogOutputStream:75 - [STDERR_REDIRECT] SLF4J: Failed to load class "org.slf4j.impl.StaticLoggerBinder".
2023-10-02 21:59:14,664 [ERROR] LogOutputStream:75 - [STDERR_REDIRECT] SLF4J: Defaulting to no-operation (NOP) logger implementation
2023-10-02 21:59:14,665 [ERROR] LogOutputStream:75 - [STDERR_REDIRECT] SLF4J: See http://www.slf4j.org/codes.html#StaticLoggerBinder for further details.
2023-10-02 21:59:15,578 [ERROR] ServerAccessManage:1089 - Problem, file not found on Server
2023-10-02 21:59:15,737 [INFO] ServerAccessManage:473 - Download File STMicroelectronics.X-CUBE-TOUCHGFX.pdsc
2023-10-02 21:59:15,766 [WARN] MainUpdater:1189 - Updater busy. Cannot search thirdparties
2023-10-02 21:59:15,766 [INFO] ThirdPartyUpdaterWithRetryManager:96 - Updater plugin is busy. [9/15]
2023-10-02 21:59:17,199 [INFO] ServerAccessManage:473 - Download File STMicroelectronics.X-CUBE-ALGOBUILD.pdsc
2023-10-02 21:59:17,695 [INFO] ServerAccessManage:473 - Download File STMicroelectronics.X-CUBE-AZRTOS-H7.pdsc
2023-10-02 21:59:18,311 [INFO] ServerAccessManage:473 - Download File STMicroelectronics.X-CUBE-AZRTOS-F4.pdsc
2023-10-02 21:59:18,658 [INFO] ServerAccessManage:473 - Download File STMicroelectronics.X-CUBE-AZRTOS-F7.pdsc
2023-10-02 21:59:18,767 [WARN] MainUpdater:1189 - Updater busy. Cannot search thirdparties
2023-10-02 21:59:18,767 [INFO] ThirdPartyUpdaterWithRetryManager:96 - Updater plugin is busy. [10/15]
2023-10-02 21:59:19,014 [INFO] ServerAccessManage:473 - Download File STMicroelectronics.X-CUBE-AZRTOS-L4.pdsc
2023-10-02 21:59:19,373 [INFO] ServerAccessManage:473 - Download File STMicroelectronics.X-CUBE-AZRTOS-L5.pdsc
2023-10-02 21:59:19,773 [INFO] ServerAccessManage:473 - Download File STMicroelectronics.X-CUBE-AZRTOS-G0.pdsc
2023-10-02 21:59:20,102 [INFO] ServerAccessManage:473 - Download File STMicroelectronics.X-CUBE-AZRTOS-G4.pdsc
2023-10-02 21:59:20,449 [INFO] ServerAccessManage:473 - Download File STMicroelectronics.X-CUBE-AZRTOS-WB.pdsc
2023-10-02 21:59:20,791 [INFO] ServerAccessManage:473 - Download File STMicroelectronics.X-CUBE-AZRTOS-WL.pdsc
2023-10-02 21:59:21,768 [WARN] MainUpdater:1189 - Updater busy. Cannot search thirdparties
2023-10-02 21:59:21,768 [INFO] ThirdPartyUpdaterWithRetryManager:96 - Updater plugin is busy. [11/15]
2023-10-02 21:59:22,031 [INFO] ServerAccessManage:473 - Download File wolfSSL.I-CUBE-wolfSSL.pdsc
2023-10-02 21:59:24,769 [WARN] MainUpdater:1189 - Updater busy. Cannot search thirdparties
2023-10-02 21:59:24,769 [INFO] ThirdPartyUpdaterWithRetryManager:96 - Updater plugin is busy. [12/15]
2023-10-02 21:59:25,576 [ERROR] ServerAccessManage:1089 - Problem, file not found on Server
2023-10-02 21:59:25,965 [ERROR] ServerAccessManage:1089 - Problem, file not found on Server
2023-10-02 21:59:26,352 [ERROR] ServerAccessManage:1089 - Problem, file not found on Server
2023-10-02 21:59:27,357 [ERROR] ServerAccessManage:1096 - Problem, Http access forbiden
2023-10-02 21:59:27,358 [ERROR] ServerAccessManage:651 - Problem, Http access forbiden : RoweBots.I-CUBE-UNISONRTOS.pdsc.
2023-10-02 21:59:27,769 [WARN] MainUpdater:1189 - Updater busy. Cannot search thirdparties
2023-10-02 21:59:27,769 [INFO] ThirdPartyUpdaterWithRetryManager:96 - Updater plugin is busy. [13/15]
2023-10-02 21:59:28,653 [INFO] ServerAccessManage:473 - Download File SEGGER.I-CUBE-embOS.pdsc
2023-10-02 21:59:30,770 [WARN] MainUpdater:1189 - Updater busy. Cannot search thirdparties
2023-10-02 21:59:30,770 [INFO] ThirdPartyUpdaterWithRetryManager:96 - Updater plugin is busy. [14/15]
2023-10-02 21:59:32,616 [INFO] ServerAccessManage:473 - Download File portGmbH.I-Cube-SoM-uGOAL.pdsc
2023-10-02 21:59:33,771 [WARN] MainUpdater:1189 - Updater busy. Cannot search thirdparties
2023-10-02 21:59:33,771 [INFO] ThirdPartyUpdaterWithRetryManager:96 - Updater plugin is busy. [15/15]
2023-10-02 21:59:33,771 [ERROR] IntegrityCheckThread:130 - Cannot retrieve database content from updater: error -1
2023-10-02 21:59:33,771 [INFO] ThirdParty:978 - Integrity check success = false
2023-10-02 21:59:33,771 [INFO] IntegrityCheckThread:100 - exiting critical section [integrity check]
2023-10-02 21:59:33,771 [INFO] IntegrityCheckThread:103 - End integrity checks thread
2023-10-02 21:59:35,696 [ERROR] ServerAccessManage:1089 - Problem, file not found on Server
2023-10-02 21:59:36,099 [ERROR] ServerAccessManage:1089 - Problem, file not found on Server
2023-10-02 21:59:36,452 [ERROR] ServerAccessManage:1089 - Problem, file not found on Server
2023-10-02 21:59:39,040 [INFO] LogOutputStream:77 - [STDOUT_REDIRECT] Unexpected error loading extension: org.eclipse.equinox.p2.metadata.repository.compositeRepository
2023-10-02 21:59:39,041 [ERROR] LogOutputStream:75 - [STDERR_REDIRECT] java.lang.IllegalStateException: bundle org.eclipse.equinox.p2.repositoryis not started
2023-10-02 21:59:39,042 [ERROR] LogOutputStream:75 - [STDERR_REDIRECT] 	at org.eclipse.equinox.internal.p2.repository.Activator.getContext(Activator.java:65)
2023-10-02 21:59:39,044 [ERROR] LogOutputStream:75 - [STDERR_REDIRECT] 	at org.eclipse.equinox.internal.p2.repository.helpers.AbstractRepositoryManager.restoreFromSystemProperty(AbstractRepositoryManager.java:1013)
2023-10-02 21:59:39,045 [ERROR] LogOutputStream:75 - [STDERR_REDIRECT] 	at org.eclipse.equinox.internal.p2.repository.helpers.AbstractRepositoryManager.restoreRepositories(AbstractRepositoryManager.java:1033)
2023-10-02 21:59:39,046 [ERROR] LogOutputStream:75 - [STDERR_REDIRECT] 	at org.eclipse.equinox.internal.p2.repository.helpers.AbstractRepositoryManager.removeRepository(AbstractRepositoryManager.java:946)
2023-10-02 21:59:39,048 [ERROR] LogOutputStream:75 - [STDERR_REDIRECT] 	at org.eclipse.equinox.internal.p2.repository.helpers.AbstractRepositoryManager.loadRepository(AbstractRepositoryManager.java:701)
2023-10-02 21:59:39,049 [ERROR] LogOutputStream:75 - [STDERR_REDIRECT] 	at org.eclipse.equinox.internal.p2.metadata.repository.MetadataRepositoryManager.loadRepository(MetadataRepositoryManager.java:110)
2023-10-02 21:59:39,050 [ERROR] LogOutputStream:75 - [STDERR_REDIRECT] 	at org.eclipse.equinox.internal.p2.metadata.repository.MetadataRepositoryManager.loadRepository(MetadataRepositoryManager.java:105)
2023-10-02 21:59:39,052 [ERROR] LogOutputStream:75 - [STDERR_REDIRECT] 	at org.eclipse.equinox.internal.p2.metadata.repository.CompositeMetadataRepository.addChild(CompositeMetadataRepository.java:171)
2023-10-02 21:59:39,053 [ERROR] LogOutputStream:75 - [STDERR_REDIRECT] 	at org.eclipse.equinox.internal.p2.metadata.repository.CompositeMetadataRepository.<init>(CompositeMetadataRepository.java:113)
2023-10-02 21:59:39,054 [ERROR] LogOutputStream:75 - [STDERR_REDIRECT] 	at org.eclipse.equinox.internal.p2.metadata.repository.CompositeMetadataRepositoryFactory.load(CompositeMetadataRepositoryFactory.java:124)
2023-10-02 21:59:39,055 [ERROR] LogOutputStream:75 - [STDERR_REDIRECT] 	at org.eclipse.equinox.internal.p2.metadata.repository.MetadataRepositoryManager.factoryLoad(MetadataRepositoryManager.java:63)
2023-10-02 21:59:39,057 [ERROR] LogOutputStream:75 - [STDERR_REDIRECT] 	at org.eclipse.equinox.internal.p2.repository.helpers.AbstractRepositoryManager.loadRepository(AbstractRepositoryManager.java:787)
2023-10-02 21:59:39,058 [ERROR] LogOutputStream:75 - [STDERR_REDIRECT] 	at org.eclipse.equinox.internal.p2.repository.helpers.AbstractRepositoryManager.loadRepository(AbstractRepositoryManager.java:685)
2023-10-02 21:59:39,059 [ERROR] LogOutputStream:75 - [STDERR_REDIRECT] 	at org.eclipse.equinox.internal.p2.metadata.repository.MetadataRepositoryManager.loadRepository(MetadataRepositoryManager.java:110)
2023-10-02 21:59:39,061 [ERROR] LogOutputStream:75 - [STDERR_REDIRECT] 	at org.eclipse.equinox.internal.p2.metadata.repository.MetadataRepositoryManager.loadRepository(MetadataRepositoryManager.java:105)
2023-10-02 21:59:39,062 [ERROR] LogOutputStream:75 - [STDERR_REDIRECT] 	at org.eclipse.equinox.internal.p2.updatechecker.UpdateChecker.getAvailableRepositories(UpdateChecker.java:152)
2023-10-02 21:59:39,063 [ERROR] LogOutputStream:75 - [STDERR_REDIRECT] 	at org.eclipse.equinox.internal.p2.updatechecker.UpdateChecker.checkForUpdates(UpdateChecker.java:130)
2023-10-02 21:59:39,064 [ERROR] LogOutputStream:75 - [STDERR_REDIRECT] 	at org.eclipse.equinox.internal.p2.updatechecker.UpdateChecker$UpdateCheckThread.run(UpdateChecker.java:78)
2023-10-02 21:59:39,205 [ERROR] LogOutputStream:75 - [STDERR_REDIRECT] 
