2023-10-03 01:32:59,888 [INFO] Activator:176 - 


2023-10-03 01:32:59,889 [INFO] Activator:177 - !SESSION log4j initialized
2023-10-03 01:33:01,721 [INFO] LogOutputStream:77 - [STDOUT_REDIRECT] 
2023-10-03 01:33:03,803 [INFO] ApplicationProperties:184 - Using Application install path: C:\ST\STM32CubeIDE_1.13.2\STM32CubeIDE\plugins\com.st.stm32cube.common.mx_6.9.2.202309101412
2023-10-03 01:33:03,817 [INFO] DbMcusXml:78 - Set database path to: C:\ST\STM32CubeIDE_1.13.2\STM32CubeIDE\plugins\com.st.stm32cube.common.mx_6.9.2.202309101412\\db\/mcu/
2023-10-03 01:33:03,817 [INFO] ApiDb:274 - Set plugin database path to: C:\ST\STM32CubeIDE_1.13.2\STM32CubeIDE\plugins\com.st.stm32cube.common.mx_6.9.2.202309101412\\db\/plugins/boardmanager/
2023-10-03 01:33:03,818 [WARN] ApiDb:259 - Overriding images path with different value:  => C:\ST\STM32CubeIDE_1.13.2\STM32CubeIDE\plugins\com.st.stm32cube.common.mx_6.9.2.202309101412\\db\/plugins/mcufinder/images/
2023-10-03 01:33:03,826 [INFO] ApiDb:250 - Set database path to: C:\Users\12151\.stmcufinder\plugins\mcufinder//mcu/
2023-10-03 01:33:03,827 [INFO] DbMcusAds:125 - Set database path to: C:\Users\12151\.stmcufinder\plugins\mcufinder//mcu/
2023-10-03 01:33:03,829 [INFO] CrossReferenceDbSqlite:203 - Set database path to: C:\Users\12151\.stmcufinder\plugins\mcufinder//mcu/cs/
2023-10-03 01:33:03,905 [INFO] RulesReader:64 - Compatibility file has been processed (293 Rules)
2023-10-03 01:33:03,971 [INFO] DbMcusXml:78 - Set database path to: C:\ST\STM32CubeIDE_1.13.2\STM32CubeIDE\plugins\com.st.stm32cube.common.mx_6.9.2.202309101412\\db\/mcu/
2023-10-03 01:33:03,971 [INFO] ApiDb:274 - Set plugin database path to: C:\ST\STM32CubeIDE_1.13.2\STM32CubeIDE\plugins\com.st.stm32cube.common.mx_6.9.2.202309101412\\db\/plugins/boardmanager/
2023-10-03 01:33:03,971 [INFO] ApiDb:261 - Set plugin images path to: C:\ST\STM32CubeIDE_1.13.2\STM32CubeIDE\plugins\com.st.stm32cube.common.mx_6.9.2.202309101412\\db\/plugins/mcufinder/images/
2023-10-03 01:33:03,971 [WARN] DbFile:41 - Overriding database path with different value: C:\Users\12151\.stmcufinder\plugins\mcufinder/ => C:\Users\12151\.stmcufinder\plugins\mcufinder
2023-10-03 01:33:03,971 [INFO] ApiDb:250 - Set database path to: C:\Users\12151\.stmcufinder\plugins\mcufinder//mcu/
2023-10-03 01:33:03,971 [WARN] DbFile:41 - Overriding database path with different value: C:\Users\12151\.stmcufinder\plugins\mcufinder/ => C:\Users\12151\.stmcufinder\plugins\mcufinder
2023-10-03 01:33:03,971 [INFO] DbMcusAds:125 - Set database path to: C:\Users\12151\.stmcufinder\plugins\mcufinder//mcu/
2023-10-03 01:33:03,971 [WARN] DbFile:41 - Overriding database path with different value: C:\Users\12151\.stmcufinder\plugins\mcufinder/ => C:\Users\12151\.stmcufinder\plugins\mcufinder
2023-10-03 01:33:03,972 [WARN] DbFile:41 - Overriding database path with different value: C:\Users\12151\.stmcufinder\plugins\mcufinder/ => C:\Users\12151\.stmcufinder\plugins\mcufinder
2023-10-03 01:33:03,972 [INFO] CrossReferenceDbSqlite:203 - Set database path to: C:\Users\12151\.stmcufinder\plugins\mcufinder//mcu/cs/
2023-10-03 01:33:04,023 [INFO] MainPanel:262 - HeapMemory: 268435456
2023-10-03 01:33:04,071 [INFO] DbMcusXml:78 - Set database path to: C:\ST\STM32CubeIDE_1.13.2\STM32CubeIDE\plugins\com.st.stm32cube.common.mx_6.9.2.202309101412\\db\/mcu/
2023-10-03 01:33:04,072 [INFO] ApiDb:274 - Set plugin database path to: C:\ST\STM32CubeIDE_1.13.2\STM32CubeIDE\plugins\com.st.stm32cube.common.mx_6.9.2.202309101412\\db\/plugins/boardmanager/
2023-10-03 01:33:04,072 [INFO] ApiDb:261 - Set plugin images path to: C:\ST\STM32CubeIDE_1.13.2\STM32CubeIDE\plugins\com.st.stm32cube.common.mx_6.9.2.202309101412\\db\/plugins/mcufinder/images/
2023-10-03 01:33:04,072 [WARN] DbFile:41 - Overriding database path with different value: C:\Users\12151\.stmcufinder\plugins\mcufinder/ => C:\Users\12151\.stmcufinder\plugins\mcufinder
2023-10-03 01:33:04,072 [INFO] ApiDb:250 - Set database path to: C:\Users\12151\.stmcufinder\plugins\mcufinder//mcu/
2023-10-03 01:33:04,072 [WARN] DbFile:41 - Overriding database path with different value: C:\Users\12151\.stmcufinder\plugins\mcufinder/ => C:\Users\12151\.stmcufinder\plugins\mcufinder
2023-10-03 01:33:04,072 [INFO] DbMcusAds:125 - Set database path to: C:\Users\12151\.stmcufinder\plugins\mcufinder//mcu/
2023-10-03 01:33:04,072 [WARN] DbFile:41 - Overriding database path with different value: C:\Users\12151\.stmcufinder\plugins\mcufinder/ => C:\Users\12151\.stmcufinder\plugins\mcufinder
2023-10-03 01:33:04,072 [WARN] DbFile:41 - Overriding database path with different value: C:\Users\12151\.stmcufinder\plugins\mcufinder/ => C:\Users\12151\.stmcufinder\plugins\mcufinder
2023-10-03 01:33:04,072 [INFO] CrossReferenceDbSqlite:203 - Set database path to: C:\Users\12151\.stmcufinder\plugins\mcufinder//mcu/cs/
2023-10-03 01:33:04,091 [INFO] ApplicationProperties:184 - Using Application install path: C:\ST\STM32CubeIDE_1.13.2\STM32CubeIDE\plugins\com.st.stm32cube.common.mx_6.9.2.202309101412
2023-10-03 01:33:04,093 [INFO] PluginManage:196 - Search for loadable plugins [exclusion list=, ]
2023-10-03 01:33:04,094 [INFO] PluginManage:310 - Check plugin analytics
2023-10-03 01:33:04,206 [INFO] AnalyticsPlugin:253 - Accepted Software Licenses: 
2023-10-03 01:33:04,207 [INFO] AnalyticsPlugin:255 - Accepted CMSIS Pack Licenses: 
2023-10-03 01:33:04,207 [INFO] AnalyticsPlugin:257 - Accepted Firmware Licenses: 
2023-10-03 01:33:04,209 [INFO] PluginManage:359 - Loaded plugin analytics (category:tool,tabindex:-1)
2023-10-03 01:33:04,209 [INFO] PluginManage:310 - Check plugin cadmodel
2023-10-03 01:33:04,213 [INFO] CADModel:105 - Init CAD model plugin
2023-10-03 01:33:04,213 [INFO] PluginManage:359 - Loaded plugin cadmodel (category:power,tabindex:5)
2023-10-03 01:33:04,213 [INFO] PluginManage:310 - Check plugin clock
2023-10-03 01:33:04,220 [INFO] PluginManage:359 - Loaded plugin clock (category:base,tabindex:2)
2023-10-03 01:33:04,220 [INFO] PluginManage:310 - Check plugin ddr
2023-10-03 01:33:04,222 [INFO] PluginManage:359 - Loaded plugin ddr (category:tool,tabindex:6)
2023-10-03 01:33:04,222 [INFO] PluginManage:310 - Check plugin filemanager
2023-10-03 01:33:04,322 [INFO] PluginManage:359 - Loaded plugin filemanager (category:base,tabindex:10)
2023-10-03 01:33:04,323 [INFO] PluginManage:310 - Check plugin ipmanager
2023-10-03 01:33:04,329 [INFO] PluginManage:359 - Loaded plugin ipmanager (category:base,tabindex:5)
2023-10-03 01:33:04,329 [INFO] PluginManage:310 - Check plugin lpbam
2023-10-03 01:33:04,336 [INFO] PluginManage:359 - Loaded plugin lpbam (category:base,tabindex:0)
2023-10-03 01:33:04,336 [INFO] PluginManage:310 - Check plugin memorymap
2023-10-03 01:33:04,346 [INFO] PluginManage:359 - Loaded plugin memorymap (category:base,tabindex:4)
2023-10-03 01:33:04,346 [INFO] PluginManage:310 - Check plugin pinoutandconfiguration
2023-10-03 01:33:04,367 [INFO] PluginManage:359 - Loaded plugin pinoutandconfiguration (category:base,tabindex:1)
2023-10-03 01:33:04,367 [INFO] PluginManage:310 - Check plugin pinoutconfig
2023-10-03 01:33:04,447 [WARN] SupportedApi:132 - Cannot load RTOS API schema: s4s-elt-must-match.1: The content of 'definitions' must match (annotation?, (simpleType | complexType)?, (unique | key | keyref)*)). A problem was found starting at: attribute.
2023-10-03 01:33:04,532 [INFO] PluginManage:359 - Loaded plugin pinoutconfig (category:base,tabindex:0)
2023-10-03 01:33:04,532 [INFO] PluginManage:310 - Check plugin power
2023-10-03 01:33:04,538 [INFO] PluginManage:359 - Loaded plugin power (category:power,tabindex:4)
2023-10-03 01:33:04,539 [INFO] PluginManage:310 - Check plugin projectmanager
2023-10-03 01:33:04,549 [INFO] PluginManage:359 - Loaded plugin projectmanager (category:projectmanager,tabindex:3)
2023-10-03 01:33:04,549 [INFO] PluginManage:310 - Check plugin thirdparty
2023-10-03 01:33:04,629 [INFO] PluginManage:359 - Loaded plugin thirdparty (category:base,tabindex:-1)
2023-10-03 01:33:04,629 [INFO] PluginManage:310 - Check plugin tools
2023-10-03 01:33:04,629 [WARN] IntegrityCheckThread:84 - waiting for thirdparty lock release [integrity check]
2023-10-03 01:33:04,630 [INFO] IntegrityCheckThread:86 - entering critical section [integrity check]
2023-10-03 01:33:04,630 [INFO] ThirdPartyUpdaterWithRetryManager:70 - Updater plugin not ready yet. [1/15]
2023-10-03 01:33:04,631 [INFO] PluginManage:359 - Loaded plugin tools (category:base,tabindex:7)
2023-10-03 01:33:04,631 [INFO] PluginManage:310 - Check plugin tutovideos
2023-10-03 01:33:04,741 [INFO] PluginManage:359 - Loaded plugin tutovideos (category:base,tabindex:-1)
2023-10-03 01:33:04,741 [INFO] PluginManage:310 - Check plugin updater
2023-10-03 01:33:04,748 [INFO] PluginManage:359 - Loaded plugin updater (category:base,tabindex:12)
2023-10-03 01:33:04,748 [INFO] PluginManage:310 - Check plugin userauth
2023-10-03 01:33:04,751 [INFO] UserAuth:113 - Init User Auth plugin
2023-10-03 01:33:04,751 [INFO] PluginManage:359 - Loaded plugin userauth (category:base,tabindex:14)
2023-10-03 01:33:04,752 [INFO] PluginManage:283 - PluginManage : Loaded plugins [17]
2023-10-03 01:33:04,900 [INFO] PinOutPanel:1499 - setPackage(No Configuration,No Configuration)
2023-10-03 01:33:04,989 [INFO] CADModel:165 - CPN selected for project level
2023-10-03 01:33:04,990 [INFO] CADModel:114 - Register for checkConnection events
2023-10-03 01:33:05,003 [INFO] IPUIPlugin:80 - create IPUIPlugin
2023-10-03 01:33:05,003 [INFO] PluginManager:220 - loadIPPluginJar : add adc
2023-10-03 01:33:05,006 [INFO] IPUIPlugin:80 - create IPUIPlugin
2023-10-03 01:33:05,006 [INFO] PluginManager:220 - loadIPPluginJar : add aes
2023-10-03 01:33:05,009 [INFO] IPUIPlugin:80 - create IPUIPlugin
2023-10-03 01:33:05,009 [INFO] PluginManager:220 - loadIPPluginJar : add can
2023-10-03 01:33:05,010 [INFO] IPUIPlugin:80 - create IPUIPlugin
2023-10-03 01:33:05,010 [INFO] PluginManager:220 - loadIPPluginJar : add comp
2023-10-03 01:33:05,012 [INFO] IPUIPlugin:80 - create IPUIPlugin
2023-10-03 01:33:05,012 [INFO] PluginManager:220 - loadIPPluginJar : add cryp
2023-10-03 01:33:05,014 [INFO] IPUIPlugin:80 - create IPUIPlugin
2023-10-03 01:33:05,014 [INFO] PluginManager:220 - loadIPPluginJar : add dfsdm
2023-10-03 01:33:05,019 [INFO] IPUIPlugin:80 - create IPUIPlugin
2023-10-03 01:33:05,019 [INFO] PluginManager:220 - loadIPPluginJar : add dma
2023-10-03 01:33:05,021 [INFO] IPUIPlugin:80 - create IPUIPlugin
2023-10-03 01:33:05,022 [INFO] PluginManager:220 - loadIPPluginJar : add dma3
2023-10-03 01:33:05,023 [INFO] IPUIPlugin:80 - create IPUIPlugin
2023-10-03 01:33:05,023 [INFO] PluginManager:220 - loadIPPluginJar : add fatfs
2023-10-03 01:33:05,026 [INFO] IPUIPlugin:80 - create IPUIPlugin
2023-10-03 01:33:05,026 [INFO] PluginManager:220 - loadIPPluginJar : add fmc
2023-10-03 01:33:05,030 [INFO] IPUIPlugin:80 - create IPUIPlugin
2023-10-03 01:33:05,030 [INFO] PluginManager:220 - loadIPPluginJar : add freertos
2023-10-03 01:33:05,031 [INFO] IPUIPlugin:80 - create IPUIPlugin
2023-10-03 01:33:05,031 [INFO] PluginManager:220 - loadIPPluginJar : add genericplugin
2023-10-03 01:33:05,033 [INFO] IPUIPlugin:80 - create IPUIPlugin
2023-10-03 01:33:05,033 [INFO] PluginManager:220 - loadIPPluginJar : add gfxmmu
2023-10-03 01:33:05,037 [INFO] IPUIPlugin:80 - create IPUIPlugin
2023-10-03 01:33:05,038 [INFO] PluginManager:220 - loadIPPluginJar : add gic
2023-10-03 01:33:05,041 [INFO] IPUIPlugin:80 - create IPUIPlugin
2023-10-03 01:33:05,041 [INFO] PluginManager:220 - loadIPPluginJar : add gpio
2023-10-03 01:33:05,043 [INFO] IPUIPlugin:80 - create IPUIPlugin
2023-10-03 01:33:05,043 [INFO] PluginManager:220 - loadIPPluginJar : add gtzc
2023-10-03 01:33:05,045 [INFO] IPUIPlugin:80 - create IPUIPlugin
2023-10-03 01:33:05,045 [INFO] PluginManager:220 - loadIPPluginJar : add hash
2023-10-03 01:33:05,047 [INFO] IPUIPlugin:80 - create IPUIPlugin
2023-10-03 01:33:05,047 [INFO] PluginManager:220 - loadIPPluginJar : add i2c
2023-10-03 01:33:05,050 [INFO] IPUIPlugin:80 - create IPUIPlugin
2023-10-03 01:33:05,050 [INFO] PluginManager:220 - loadIPPluginJar : add i2s
2023-10-03 01:33:05,052 [INFO] IPUIPlugin:80 - create IPUIPlugin
2023-10-03 01:33:05,052 [INFO] PluginManager:220 - loadIPPluginJar : add i3c
2023-10-03 01:33:05,055 [INFO] IPUIPlugin:80 - create IPUIPlugin
2023-10-03 01:33:05,055 [INFO] PluginManager:220 - loadIPPluginJar : add ipddr
2023-10-03 01:33:05,059 [INFO] IPUIPlugin:80 - create IPUIPlugin
2023-10-03 01:33:05,059 [INFO] PluginManager:220 - loadIPPluginJar : add linkedlist
2023-10-03 01:33:05,061 [INFO] IPUIPlugin:80 - create IPUIPlugin
2023-10-03 01:33:05,062 [INFO] PluginManager:220 - loadIPPluginJar : add lorawan
2023-10-03 01:33:05,063 [INFO] IPUIPlugin:80 - create IPUIPlugin
2023-10-03 01:33:05,063 [INFO] PluginManager:220 - loadIPPluginJar : add ltdc
2023-10-03 01:33:05,067 [INFO] IPUIPlugin:80 - create IPUIPlugin
2023-10-03 01:33:05,067 [INFO] PluginManager:220 - loadIPPluginJar : add mdma
2023-10-03 01:33:05,069 [INFO] IPUIPlugin:80 - create IPUIPlugin
2023-10-03 01:33:05,069 [INFO] PluginManager:220 - loadIPPluginJar : add nvic
2023-10-03 01:33:05,071 [INFO] IPUIPlugin:80 - create IPUIPlugin
2023-10-03 01:33:05,071 [INFO] PluginManager:220 - loadIPPluginJar : add opamp
2023-10-03 01:33:05,073 [INFO] IPUIPlugin:80 - create IPUIPlugin
2023-10-03 01:33:05,073 [INFO] PluginManager:220 - loadIPPluginJar : add openamp
2023-10-03 01:33:05,075 [INFO] IPUIPlugin:80 - create IPUIPlugin
2023-10-03 01:33:05,075 [INFO] PluginManager:220 - loadIPPluginJar : add pdm2pcm
2023-10-03 01:33:05,079 [INFO] IPUIPlugin:80 - create IPUIPlugin
2023-10-03 01:33:05,081 [INFO] PluginManager:220 - loadIPPluginJar : add plateformsettings
2023-10-03 01:33:05,083 [INFO] IPUIPlugin:80 - create IPUIPlugin
2023-10-03 01:33:05,083 [INFO] PluginManager:220 - loadIPPluginJar : add quadspi
2023-10-03 01:33:05,085 [INFO] IPUIPlugin:80 - create IPUIPlugin
2023-10-03 01:33:05,085 [INFO] PluginManager:220 - loadIPPluginJar : add resmgrutility
2023-10-03 01:33:05,088 [INFO] IPUIPlugin:80 - create IPUIPlugin
2023-10-03 01:33:05,088 [INFO] PluginManager:220 - loadIPPluginJar : add sai
2023-10-03 01:33:05,089 [INFO] IPUIPlugin:80 - create IPUIPlugin
2023-10-03 01:33:05,089 [INFO] PluginManager:220 - loadIPPluginJar : add spi
2023-10-03 01:33:05,093 [INFO] IPUIPlugin:80 - create IPUIPlugin
2023-10-03 01:33:05,093 [INFO] PluginManager:220 - loadIPPluginJar : add stm32_wpan
2023-10-03 01:33:05,094 [INFO] IPUIPlugin:80 - create IPUIPlugin
2023-10-03 01:33:05,094 [INFO] PluginManager:220 - loadIPPluginJar : add tim
2023-10-03 01:33:05,097 [INFO] IPUIPlugin:80 - create IPUIPlugin
2023-10-03 01:33:05,097 [INFO] PluginManager:220 - loadIPPluginJar : add touchsensing
2023-10-03 01:33:05,098 [INFO] IPUIPlugin:80 - create IPUIPlugin
2023-10-03 01:33:05,098 [INFO] PluginManager:220 - loadIPPluginJar : add tracer_emb
2023-10-03 01:33:05,099 [INFO] IPUIPlugin:80 - create IPUIPlugin
2023-10-03 01:33:05,099 [INFO] PluginManager:220 - loadIPPluginJar : add ts
2023-10-03 01:33:05,100 [INFO] IPUIPlugin:80 - create IPUIPlugin
2023-10-03 01:33:05,100 [INFO] PluginManager:220 - loadIPPluginJar : add tsc
2023-10-03 01:33:05,102 [INFO] IPUIPlugin:80 - create IPUIPlugin
2023-10-03 01:33:05,102 [INFO] PluginManager:220 - loadIPPluginJar : add ucpd
2023-10-03 01:33:05,103 [INFO] IPUIPlugin:80 - create IPUIPlugin
2023-10-03 01:33:05,104 [INFO] PluginManager:220 - loadIPPluginJar : add usart
2023-10-03 01:33:05,106 [INFO] IPUIPlugin:80 - create IPUIPlugin
2023-10-03 01:33:05,106 [INFO] PluginManager:220 - loadIPPluginJar : add usbx
2023-10-03 01:33:05,223 [INFO] CADModel:165 - CPN selected for project level
2023-10-03 01:33:05,223 [INFO] CADModel:114 - Register for checkConnection events
2023-10-03 01:33:05,223 [FATAL] Updater:308 - Updater called before beeing initialized
2023-10-03 01:33:05,223 [ERROR] CADModel:125 - Updater not yet initialized, retry later 
2023-10-03 01:33:05,313 [INFO] CADModel:165 - CPN selected for project level
2023-10-03 01:33:05,313 [INFO] CADModel:114 - Register for checkConnection events
2023-10-03 01:33:05,313 [FATAL] Updater:308 - Updater called before beeing initialized
2023-10-03 01:33:05,313 [ERROR] CADModel:125 - Updater not yet initialized, retry later 
2023-10-03 01:33:05,315 [FATAL] Updater:308 - Updater called before beeing initialized
2023-10-03 01:33:05,397 [FATAL] Updater:308 - Updater called before beeing initialized
2023-10-03 01:33:05,401 [INFO] DbMcusAds:53 - JSON generation date=Thu Sep 30 15:55:09 KST 2021 (1632984909247)
2023-10-03 01:33:05,401 [FATAL] Updater:308 - Updater called before beeing initialized
2023-10-03 01:33:05,428 [WARN] DetailPanel:346 - Failed to get advertising image, set to default
2023-10-03 01:33:05,511 [FATAL] Updater:308 - Updater called before beeing initialized
2023-10-03 01:33:05,513 [FATAL] Updater:308 - Updater called before beeing initialized
2023-10-03 01:33:05,514 [FATAL] Updater:308 - Updater called before beeing initialized
2023-10-03 01:33:05,514 [WARN] DetailPanel:346 - Failed to get advertising image, set to default
2023-10-03 01:33:05,515 [FATAL] Updater:308 - Updater called before beeing initialized
2023-10-03 01:33:05,551 [ERROR] Updater:1120 - MainUpdater not yet initialized. External WinMGr cannot be set.
2023-10-03 01:33:05,553 [INFO] Updater:1056 - Updater Version found : 6.9.2
2023-10-03 01:33:05,567 [INFO] ApplicationProperties:184 - Using Application install path: C:\ST\STM32CubeIDE_1.13.2\STM32CubeIDE\plugins\com.st.stm32cube.common.mx_6.9.2.202309101412
2023-10-03 01:33:05,746 [INFO] MainUpdater:2868 - connection check result : 10
2023-10-03 01:33:05,747 [INFO] MainUpdater:285 - Updater Check For Update Now.
2023-10-03 01:33:05,747 [INFO] MicroXplorer:498 - Change Database Version : DB.6.0.92
2023-10-03 01:33:05,751 [INFO] McuFinderGlobals:63 - Set McuFinder mode to 2 (CubeIDE integrated)
2023-10-03 01:33:05,752 [INFO] UserAuth:179 - activating auth plugin
2023-10-03 01:33:05,755 [INFO] UserAuth:393 - Internet connection configuration mode: 1
2023-10-03 01:33:05,768 [INFO] JxBrowserEngine:151 - Initiate JxBrowser Engine with user profile folder
2023-10-03 01:33:05,897 [INFO] CheckServerUpdateThread:120 - End of CheckServer Thread
2023-10-03 01:33:06,298 [INFO] WebApp:157 - Instantiating new browser for Auth
2023-10-03 01:33:06,672 [INFO] WebApp:753 - Register for checkConnection events
2023-10-03 01:33:06,672 [INFO] WebApp:390 - Apply proxy settings
2023-10-03 01:33:06,672 [INFO] WebApp:475 - Chromium requires no authentication
2023-10-03 01:33:06,677 [INFO] WebApp:418 - Direct internet connection detected
2023-10-03 01:33:06,776 [INFO] WebApp:188 - Starting web application
2023-10-03 01:33:06,776 [INFO] WebApp:520 - Web application path used C:\ST\STM32CubeIDE_1.13.2\STM32CubeIDE\plugins\com.st.stm32cube.common.mx_6.9.2.202309101412\db\plugins\mcufinder\reactClient1\index.html
2023-10-03 01:33:07,748 [WARN] PackLoader:240 - Cannot read IP mode file for STMicroelectronics.X-CUBE-GNSS1.6.0.0
2023-10-03 01:33:07,771 [WARN] PackLoader:240 - Cannot read IP mode file for STMicroelectronics.X-CUBE-AZRTOS-F4.1.1.0
2023-10-03 01:33:07,782 [WARN] PackLoader:240 - Cannot read IP mode file for STMicroelectronics.X-CUBE-SMBUS.2.1.0
2023-10-03 01:33:07,801 [WARN] PackLoader:240 - Cannot read IP mode file for STMicroelectronics.X-CUBE-AZRTOS-L5.2.0.0
2023-10-03 01:33:07,828 [WARN] PackLoader:240 - Cannot read IP mode file for STMicroelectronics.X-CUBE-AZRTOS-F7.1.1.0
2023-10-03 01:33:07,881 [WARN] PackLoader:240 - Cannot read IP mode file for STMicroelectronics.X-CUBE-MEMS1.9.6.0
2023-10-03 01:33:07,986 [WARN] PackLoader:240 - Cannot read IP mode file for STMicroelectronics.FP-SNS-MOTENV1.4.3.2
2023-10-03 01:33:07,993 [WARN] PackLoader:240 - Cannot read IP mode file for STMicroelectronics.X-CUBE-BLEMGR.2.0.0
2023-10-03 01:33:07,998 [WARN] PackLoader:240 - Cannot read IP mode file for STMicroelectronics.FP-SNS-FLIGHT1.5.0.2
2023-10-03 01:33:08,009 [WARN] ConditionMgr:438 - getConditionDescription Invalid condition id : UX DEVICE CLASS RTOS Condition cause : null
2023-10-03 01:33:08,009 [WARN] ConditionMgr:438 - getConditionDescription Invalid condition id : UX DEVICE CLASS RTOS Condition cause : null
2023-10-03 01:33:08,011 [WARN] PackLoader:240 - Cannot read IP mode file for STMicroelectronics.X-CUBE-AZRTOS-H7.3.1.0
2023-10-03 01:33:08,012 [WARN] ConditionMgr:1039 - genDependencies : Invalid condition id : UX DEVICE CLASS RTOS Condition cause : null
2023-10-03 01:33:08,012 [WARN] ConditionMgr:1039 - genDependencies : Invalid condition id : UX DEVICE CLASS RTOS Condition cause : null
2023-10-03 01:33:08,012 [WARN] ConditionMgr:1039 - genDependencies : Invalid condition id : UX DEVICE CLASS RTOS Condition cause : null
2023-10-03 01:33:08,013 [WARN] ConditionMgr:1039 - genDependencies : Invalid condition id : UX DEVICE CLASS RTOS Condition cause : null
2023-10-03 01:33:08,013 [WARN] ConditionMgr:1039 - genDependencies : Invalid condition id : UX DEVICE CLASS RTOS Condition cause : null
2023-10-03 01:33:08,018 [WARN] PackLoader:240 - Cannot read IP mode file for STMicroelectronics.X-CUBE-DISPLAY.3.0.0
2023-10-03 01:33:08,025 [WARN] PackLoader:240 - Cannot read IP mode file for STMicroelectronics.X-CUBE-BLE1.7.0.0
2023-10-03 01:33:08,029 [WARN] PackLoader:240 - Cannot read IP mode file for STMicroelectronics.X-CUBE-TOUCHGFX.4.22.0
2023-10-03 01:33:08,033 [WARN] PackLoader:240 - Cannot read IP mode file for STMicroelectronics.X-CUBE-NFC7.1.0.1
2023-10-03 01:33:08,037 [WARN] PackLoader:240 - Cannot read IP mode file for STMicroelectronics.X-CUBE-EEPRMA1.4.1.0
2023-10-03 01:33:08,044 [INFO] LogOutputStream:77 - [STDOUT_REDIRECT] 1 : Invalid condition id : UX_CORESTACK_Condition cause : null
2023-10-03 01:33:08,045 [INFO] LogOutputStream:77 - [STDOUT_REDIRECT] 1 : Invalid condition id : UX_CORESTACK_Condition cause : null
2023-10-03 01:33:08,046 [INFO] LogOutputStream:77 - [STDOUT_REDIRECT] 1 : Invalid condition id : UX_CORESTACK_Condition cause : null
2023-10-03 01:33:08,046 [INFO] LogOutputStream:77 - [STDOUT_REDIRECT] 1 : Invalid condition id : UX_CORESTACK_Condition cause : null
2023-10-03 01:33:08,047 [INFO] LogOutputStream:77 - [STDOUT_REDIRECT] 1 : Invalid condition id : UX_CORESTACK_Condition cause : null
2023-10-03 01:33:08,049 [WARN] PackLoader:240 - Cannot read IP mode file for STMicroelectronics.X-CUBE-AZRTOS-WL.2.0.0
2023-10-03 01:33:08,053 [WARN] PackLoader:240 - Cannot read IP mode file for STMicroelectronics.X-CUBE-AI.8.1.0
2023-10-03 01:33:08,063 [WARN] ConditionMgr:438 - getConditionDescription Invalid condition id : LAN8742 Phy interface Condition cause : null
2023-10-03 01:33:08,064 [WARN] PackLoader:240 - Cannot read IP mode file for STMicroelectronics.X-CUBE-AZRTOS-L4.2.0.0
2023-10-03 01:33:08,065 [WARN] ConditionMgr:1039 - genDependencies : Invalid condition id : LAN8742 Phy interface Condition cause : null
2023-10-03 01:33:08,065 [WARN] ConditionMgr:1039 - genDependencies : Invalid condition id : LAN8742 Phy interface Condition cause : null
2023-10-03 01:33:08,065 [WARN] ConditionMgr:1039 - genDependencies : Invalid condition id : LAN8742 Phy interface Condition cause : null
2023-10-03 01:33:08,071 [WARN] PackLoader:240 - Cannot read IP mode file for STMicroelectronics.X-CUBE-SFXS2LP1.4.0.0
2023-10-03 01:33:08,075 [WARN] PackLoader:240 - Cannot read IP mode file for STMicroelectronics.X-CUBE-BLE2.3.3.0
2023-10-03 01:33:08,079 [WARN] PackLoader:240 - Cannot read IP mode file for STMicroelectronics.X-CUBE-ISPU.1.1.0
2023-10-03 01:33:08,086 [WARN] ConditionMgr:438 - getConditionDescription Invalid condition id : UX DEVICE CLASS RTOS Condition cause : null
2023-10-03 01:33:08,086 [WARN] ConditionMgr:438 - getConditionDescription Invalid condition id : UX DEVICE CLASS RTOS Condition cause : null
2023-10-03 01:33:08,087 [WARN] PackLoader:240 - Cannot read IP mode file for STMicroelectronics.X-CUBE-AZRTOS-WB.2.0.0
2023-10-03 01:33:08,088 [WARN] ConditionMgr:1039 - genDependencies : Invalid condition id : UX DEVICE CLASS RTOS Condition cause : null
2023-10-03 01:33:08,088 [WARN] ConditionMgr:1039 - genDependencies : Invalid condition id : UX DEVICE CLASS RTOS Condition cause : null
2023-10-03 01:33:08,088 [WARN] ConditionMgr:1039 - genDependencies : Invalid condition id : UX DEVICE CLASS RTOS Condition cause : null
2023-10-03 01:33:08,088 [WARN] ConditionMgr:1039 - genDependencies : Invalid condition id : UX DEVICE CLASS RTOS Condition cause : null
2023-10-03 01:33:08,089 [WARN] ConditionMgr:1039 - genDependencies : Invalid condition id : UX DEVICE CLASS RTOS Condition cause : null
2023-10-03 01:33:08,094 [WARN] PackLoader:240 - Cannot read IP mode file for STMicroelectronics.X-CUBE-ALGOBUILD.1.3.0
2023-10-03 01:33:08,102 [WARN] PackLoader:240 - Cannot read IP mode file for STMicroelectronics.X-CUBE-AZRTOS-G0.1.1.0
2023-10-03 01:33:08,110 [WARN] PackLoader:240 - Cannot read IP mode file for STMicroelectronics.X-CUBE-SUBG2.5.0.0
2023-10-03 01:33:08,117 [WARN] PackLoader:240 - Cannot read IP mode file for STMicroelectronics.X-CUBE-NFC4.3.0.0
2023-10-03 01:33:08,124 [WARN] PackLoader:240 - Cannot read IP mode file for STMicroelectronics.X-CUBE-TOF1.3.3.1
2023-10-03 01:33:08,139 [WARN] PackLoader:240 - Cannot read IP mode file for STMicroelectronics.X-CUBE-AZRTOS-G4.2.0.0
2023-10-03 01:33:08,145 [WARN] PackLoader:240 - Cannot read IP mode file for STMicroelectronics.FP-ATR-SIGFOX1.3.2.0
2023-10-03 01:33:08,150 [WARN] PackLoader:240 - Cannot read IP mode file for STMicroelectronics.X-CUBE-FREERTOS.1.1.0
2023-10-03 01:33:08,155 [WARN] PackLoader:240 - Cannot read IP mode file for portGmbH.I-Cube-SoM-uGOAL.1.1.0
2023-10-03 01:33:08,159 [WARN] PackLoader:240 - Cannot read IP mode file for STMicroelectronics.X-CUBE-ALS.1.0.1
2023-10-03 01:33:08,177 [WARN] PackLoader:240 - Cannot read IP mode file for SEGGER.I-CUBE-embOS.1.3.1
2023-10-03 01:33:08,207 [WARN] PackLoader:240 - Cannot read IP mode file for STMicroelectronics.FP-ATR-ASTRA1.2.0.0
2023-10-03 01:33:08,207 [INFO] ThirdParty:978 - Integrity check success = true
2023-10-03 01:33:08,207 [INFO] IntegrityCheckThread:100 - exiting critical section [integrity check]
2023-10-03 01:33:08,208 [INFO] IntegrityCheckThread:103 - End integrity checks thread
2023-10-03 01:33:27,237 [ERROR] LogOutputStream:75 - [STDERR_REDIRECT] SLF4J: Failed to load class "org.slf4j.impl.StaticLoggerBinder".
2023-10-03 01:33:27,238 [ERROR] LogOutputStream:75 - [STDERR_REDIRECT] SLF4J: Defaulting to no-operation (NOP) logger implementation
2023-10-03 01:33:27,239 [ERROR] LogOutputStream:75 - [STDERR_REDIRECT] SLF4J: See http://www.slf4j.org/codes.html#StaticLoggerBinder for further details.
2023-10-03 01:33:53,505 [INFO] LogOutputStream:77 - [STDOUT_REDIRECT] Unexpected error loading extension: org.eclipse.equinox.p2.metadata.repository.compositeRepository
2023-10-03 01:33:53,506 [ERROR] LogOutputStream:75 - [STDERR_REDIRECT] java.lang.IllegalStateException: bundle org.eclipse.equinox.p2.repositoryis not started
2023-10-03 01:33:53,508 [ERROR] LogOutputStream:75 - [STDERR_REDIRECT] 	at org.eclipse.equinox.internal.p2.repository.Activator.getContext(Activator.java:65)
2023-10-03 01:33:53,510 [ERROR] LogOutputStream:75 - [STDERR_REDIRECT] 	at org.eclipse.equinox.internal.p2.repository.helpers.AbstractRepositoryManager.restoreFromSystemProperty(AbstractRepositoryManager.java:1013)
2023-10-03 01:33:53,512 [ERROR] LogOutputStream:75 - [STDERR_REDIRECT] 	at org.eclipse.equinox.internal.p2.repository.helpers.AbstractRepositoryManager.restoreRepositories(AbstractRepositoryManager.java:1033)
2023-10-03 01:33:53,514 [ERROR] LogOutputStream:75 - [STDERR_REDIRECT] 	at org.eclipse.equinox.internal.p2.repository.helpers.AbstractRepositoryManager.sortSuffixes(AbstractRepositoryManager.java:1112)
2023-10-03 01:33:53,516 [ERROR] LogOutputStream:75 - [STDERR_REDIRECT] 	at org.eclipse.equinox.internal.p2.repository.helpers.AbstractRepositoryManager.loadRepository(AbstractRepositoryManager.java:676)
2023-10-03 01:33:53,517 [ERROR] LogOutputStream:75 - [STDERR_REDIRECT] 	at org.eclipse.equinox.internal.p2.metadata.repository.MetadataRepositoryManager.loadRepository(MetadataRepositoryManager.java:110)
2023-10-03 01:33:53,520 [ERROR] LogOutputStream:75 - [STDERR_REDIRECT] 	at org.eclipse.equinox.internal.p2.metadata.repository.MetadataRepositoryManager.loadRepository(MetadataRepositoryManager.java:105)
2023-10-03 01:33:53,521 [ERROR] LogOutputStream:75 - [STDERR_REDIRECT] 	at org.eclipse.equinox.internal.p2.metadata.repository.CompositeMetadataRepository.addChild(CompositeMetadataRepository.java:171)
2023-10-03 01:33:53,523 [ERROR] LogOutputStream:75 - [STDERR_REDIRECT] 	at org.eclipse.equinox.internal.p2.metadata.repository.CompositeMetadataRepository.<init>(CompositeMetadataRepository.java:113)
2023-10-03 01:33:53,525 [ERROR] LogOutputStream:75 - [STDERR_REDIRECT] 	at org.eclipse.equinox.internal.p2.metadata.repository.CompositeMetadataRepositoryFactory.load(CompositeMetadataRepositoryFactory.java:124)
2023-10-03 01:33:53,527 [ERROR] LogOutputStream:75 - [STDERR_REDIRECT] 	at org.eclipse.equinox.internal.p2.metadata.repository.MetadataRepositoryManager.factoryLoad(MetadataRepositoryManager.java:63)
2023-10-03 01:33:53,529 [ERROR] LogOutputStream:75 - [STDERR_REDIRECT] 	at org.eclipse.equinox.internal.p2.repository.helpers.AbstractRepositoryManager.loadRepository(AbstractRepositoryManager.java:787)
2023-10-03 01:33:53,530 [ERROR] LogOutputStream:75 - [STDERR_REDIRECT] 	at org.eclipse.equinox.internal.p2.repository.helpers.AbstractRepositoryManager.loadRepository(AbstractRepositoryManager.java:685)
2023-10-03 01:33:53,532 [ERROR] LogOutputStream:75 - [STDERR_REDIRECT] 	at org.eclipse.equinox.internal.p2.metadata.repository.MetadataRepositoryManager.loadRepository(MetadataRepositoryManager.java:110)
2023-10-03 01:33:53,534 [ERROR] LogOutputStream:75 - [STDERR_REDIRECT] 	at org.eclipse.equinox.internal.p2.metadata.repository.MetadataRepositoryManager.loadRepository(MetadataRepositoryManager.java:105)
2023-10-03 01:33:53,535 [ERROR] LogOutputStream:75 - [STDERR_REDIRECT] 	at org.eclipse.equinox.internal.p2.metadata.repository.CompositeMetadataRepository.addChild(CompositeMetadataRepository.java:171)
